[20:31:21] [Server thread/INFO]: Starting minecraft server version 1.8.8
[20:31:21] [Server thread/INFO]: Loading properties
[20:31:21] [Server console handler/ERROR]: Exception handling console input
java.io.IOException: Descripteur non valide
	at java.io.FileInputStream.readBytes(Native Method) ~[?:?]
	at java.io.FileInputStream.read(FileInputStream.java:276) ~[?:?]
	at java.io.BufferedInputStream.fill(BufferedInputStream.java:244) ~[?:?]
	at java.io.BufferedInputStream.read(BufferedInputStream.java:263) ~[?:?]
	at org.bukkit.craftbukkit.libs.jline.internal.NonBlockingInputStream.read(NonBlockingInputStream.java:248) ~[spigot.jar:git-Spigot-21fe707-741a1bd]
	at org.bukkit.craftbukkit.libs.jline.internal.InputStreamReader.read(InputStreamReader.java:261) ~[spigot.jar:git-Spigot-21fe707-741a1bd]
	at org.bukkit.craftbukkit.libs.jline.internal.InputStreamReader.read(InputStreamReader.java:198) ~[spigot.jar:git-Spigot-21fe707-741a1bd]
	at org.bukkit.craftbukkit.libs.jline.console.ConsoleReader.readCharacter(ConsoleReader.java:2145) ~[spigot.jar:git-Spigot-21fe707-741a1bd]
	at org.bukkit.craftbukkit.libs.jline.console.ConsoleReader.readLineSimple(ConsoleReader.java:3183) ~[spigot.jar:git-Spigot-21fe707-741a1bd]
	at org.bukkit.craftbukkit.libs.jline.console.ConsoleReader.readLine(ConsoleReader.java:2333) ~[spigot.jar:git-Spigot-21fe707-741a1bd]
	at org.bukkit.craftbukkit.libs.jline.console.ConsoleReader.readLine(ConsoleReader.java:2269) ~[spigot.jar:git-Spigot-21fe707-741a1bd]
	at org.bukkit.craftbukkit.libs.jline.console.ConsoleReader.readLine(ConsoleReader.java:2257) ~[spigot.jar:git-Spigot-21fe707-741a1bd]
	at net.minecraft.server.v1_8_R3.DedicatedServer$2.run(DedicatedServer.java:81) [spigot.jar:git-Spigot-21fe707-741a1bd]
[20:31:21] [Server thread/INFO]: Default game type: SURVIVAL
[20:31:21] [Server thread/INFO]: This server is running CraftBukkit version git-Spigot-21fe707-741a1bd (MC: 1.8.8) (Implementing API version 1.8.8-R0.1-SNAPSHOT)
[20:31:21] [Server thread/INFO]: Debug logging is disabled
[20:31:21] [Server thread/INFO]: Server Ping Player Sample Count: 12

[20:31:21] [Server thread/INFO]: Using 4 threads for Netty based IO
[20:31:21] [Server thread/INFO]: Generating keypair
[20:31:22] [Server thread/INFO]: Starting Minecraft server on *:25565
[20:31:22] [Server thread/INFO]: Using default channel type
[20:31:22] [Server thread/INFO]: Your platform does not provide complete low-level API for accessing direct buffers reliably. Unless explicitly requested, heap buffer will always be preferred to avoid potential system unstability.
[20:31:22] [Server thread/WARN]: **** FAILED TO BIND TO PORT!
[20:31:22] [Server thread/WARN]: The exception was: java.net.BindException: Address already in use: bind
[20:31:22] [Server thread/WARN]: Perhaps a server is already running on that port?
[20:31:22] [Server thread/INFO]: Stopping server
[20:31:22] [Server thread/INFO]: Saving players
