[18:31:29] [Server thread/INFO]: Loading properties
[18:31:29] [Server console handler/ERROR]: Exception handling console input
java.io.IOException: Descripteur non valide
	at java.io.FileInputStream.readBytes(Native Method) ~[?:?]
	at java.io.FileInputStream.read(FileInputStream.java:276) ~[?:?]
	at java.io.BufferedInputStream.fill(BufferedInputStream.java:244) ~[?:?]
	at java.io.BufferedInputStream.read(BufferedInputStream.java:263) ~[?:?]
	at org.bukkit.craftbukkit.libs.jline.internal.NonBlockingInputStream.read(NonBlockingInputStream.java:248) ~[spigot.jar:git-Spigot-21fe707-741a1bd]
	at org.bukkit.craftbukkit.libs.jline.internal.InputStreamReader.read(InputStreamReader.java:261) ~[spigot.jar:git-Spigot-21fe707-741a1bd]
	at org.bukkit.craftbukkit.libs.jline.internal.InputStreamReader.read(InputStreamReader.java:198) ~[spigot.jar:git-Spigot-21fe707-741a1bd]
	at org.bukkit.craftbukkit.libs.jline.console.ConsoleReader.readCharacter(ConsoleReader.java:2145) ~[spigot.jar:git-Spigot-21fe707-741a1bd]
	at org.bukkit.craftbukkit.libs.jline.console.ConsoleReader.readLineSimple(ConsoleReader.java:3183) ~[spigot.jar:git-Spigot-21fe707-741a1bd]
	at org.bukkit.craftbukkit.libs.jline.console.ConsoleReader.readLine(ConsoleReader.java:2333) ~[spigot.jar:git-Spigot-21fe707-741a1bd]
	at org.bukkit.craftbukkit.libs.jline.console.ConsoleReader.readLine(ConsoleReader.java:2269) ~[spigot.jar:git-Spigot-21fe707-741a1bd]
	at org.bukkit.craftbukkit.libs.jline.console.ConsoleReader.readLine(ConsoleReader.java:2257) ~[spigot.jar:git-Spigot-21fe707-741a1bd]
	at net.minecraft.server.v1_8_R3.DedicatedServer$2.run(DedicatedServer.java:81) [spigot.jar:git-Spigot-21fe707-741a1bd]
[18:31:29] [Server thread/INFO]: Default game type: SURVIVAL
[18:31:29] [Server thread/INFO]: This server is running CraftBukkit version git-Spigot-21fe707-741a1bd (MC: 1.8.8) (Implementing API version 1.8.8-R0.1-SNAPSHOT)
[18:31:29] [Server thread/INFO]: Debug logging is disabled
[18:31:29] [Server thread/INFO]: Server Ping Player Sample Count: 12

[18:31:29] [Server thread/INFO]: Using 4 threads for Netty based IO
[18:31:29] [Server thread/INFO]: Generating keypair
[18:31:29] [Server thread/INFO]: Starting Minecraft server on *:25565
[18:31:29] [Server thread/INFO]: Using default channel type
[18:31:29] [Server thread/INFO]: Your platform does not provide complete low-level API for accessing direct buffers reliably. Unless explicitly requested, heap buffer will always be preferred to avoid potential system unstability.
[18:31:30] [Server thread/INFO]: Set PluginClassLoader as parallel capable
[18:31:30] [Server thread/INFO]: [TaupeGun] Loading TaupeGun v2.9.3
[18:31:30] [Server thread/INFO]: [ProtocolLib] Loading ProtocolLib v4.8.0
[18:31:32] [Server thread/INFO]: [SuperVanish] Loading SuperVanish v6.2.15
[18:31:32] [Server thread/INFO]: [ProtocolLib] Enabling ProtocolLib v4.8.0
[18:31:32] [Server thread/INFO]: [ProtocolLib] Started structure compiler thread.
[18:31:32] [Server thread/INFO]: **** Beginning UUID conversion, this may take A LONG time ****
[18:31:32] [Server thread/INFO]: Preparing level "world"
[18:31:32] [Server thread/INFO]: -------- World Settings For [world] --------
[18:31:32] [Server thread/INFO]: Arrow Despawn Rate: 1200
[18:31:32] [Server thread/INFO]: Allow Zombie Pigmen to spawn from portal blocks: true
[18:31:32] [Server thread/INFO]: Chunks to Grow per Tick: 650
[18:31:32] [Server thread/INFO]: Clear tick list: false
[18:31:32] [Server thread/INFO]: Experience Merge Radius: 3.0
[18:31:32] [Server thread/INFO]: Item Despawn Rate: 6000
[18:31:32] [Server thread/INFO]: Item Merge Radius: 2.5
[18:31:32] [Server thread/INFO]: Mob Spawn Range: 4
[18:31:32] [Server thread/INFO]: Anti X-Ray: true
[18:31:32] [Server thread/INFO]: 	Engine Mode: 1
[18:31:32] [Server thread/INFO]: 	Hidden Blocks: [14, 15, 16, 21, 48, 49, 54, 56, 73, 74, 82, 129, 130]
[18:31:32] [Server thread/INFO]: 	Replace Blocks: [1, 5]
[18:31:32] [Server thread/INFO]: Nerfing mobs spawned from spawners: false
[18:31:32] [Server thread/INFO]: Entity Activation Range: An 32 / Mo 32 / Mi 16
[18:31:32] [Server thread/INFO]: Entity Tracking Range: Pl 48 / An 48 / Mo 48 / Mi 32 / Other 64
[18:31:32] [Server thread/INFO]: Cactus Growth Modifier: 100%
[18:31:32] [Server thread/INFO]: Cane Growth Modifier: 100%
[18:31:32] [Server thread/INFO]: Melon Growth Modifier: 100%
[18:31:32] [Server thread/INFO]: Mushroom Growth Modifier: 100%
[18:31:32] [Server thread/INFO]: Pumpkin Growth Modifier: 100%
[18:31:32] [Server thread/INFO]: Sapling Growth Modifier: 100%
[18:31:32] [Server thread/INFO]: Wheat Growth Modifier: 100%
[18:31:32] [Server thread/INFO]: NetherWart Growth Modifier: 100%
[18:31:32] [Server thread/INFO]: Hopper Transfer: 8 Hopper Check: 8 Hopper Amount: 1
[18:31:32] [Server thread/INFO]: Custom Map Seeds:  Village: 10387312 Feature: 14357617
[18:31:32] [Server thread/INFO]: Structure Info Saving: true
[18:31:32] [Server thread/INFO]: Random Lighting Updates: false
[18:31:32] [Server thread/INFO]: Max Entity Collisions: 8
[18:31:32] [Server thread/INFO]: Sending up to 10 chunks per packet
[18:31:32] [Server thread/INFO]: Max TNT Explosions: 100
[18:31:32] [Server thread/INFO]: Tile Max Tick Time: 50ms Entity max Tick Time: 50ms
[18:31:32] [Server thread/INFO]: View Distance: 10
[18:31:32] [Server thread/INFO]: Zombie Aggressive Towards Villager: true
[18:31:33] [Server thread/INFO]: -------- World Settings For [world_nether] --------
[18:31:33] [Server thread/INFO]: Arrow Despawn Rate: 1200
[18:31:33] [Server thread/INFO]: Allow Zombie Pigmen to spawn from portal blocks: true
[18:31:33] [Server thread/INFO]: Chunks to Grow per Tick: 650
[18:31:33] [Server thread/INFO]: Clear tick list: false
[18:31:33] [Server thread/INFO]: Experience Merge Radius: 3.0
[18:31:33] [Server thread/INFO]: Item Despawn Rate: 6000
[18:31:33] [Server thread/INFO]: Item Merge Radius: 2.5
[18:31:33] [Server thread/INFO]: Mob Spawn Range: 4
[18:31:33] [Server thread/INFO]: Anti X-Ray: true
[18:31:33] [Server thread/INFO]: 	Engine Mode: 1
[18:31:33] [Server thread/INFO]: 	Hidden Blocks: [14, 15, 16, 21, 48, 49, 54, 56, 73, 74, 82, 129, 130]
[18:31:33] [Server thread/INFO]: 	Replace Blocks: [1, 5]
[18:31:33] [Server thread/INFO]: Nerfing mobs spawned from spawners: false
[18:31:33] [Server thread/INFO]: Entity Activation Range: An 32 / Mo 32 / Mi 16
[18:31:33] [Server thread/INFO]: Entity Tracking Range: Pl 48 / An 48 / Mo 48 / Mi 32 / Other 64
[18:31:33] [Server thread/INFO]: Cactus Growth Modifier: 100%
[18:31:33] [Server thread/INFO]: Cane Growth Modifier: 100%
[18:31:33] [Server thread/INFO]: Melon Growth Modifier: 100%
[18:31:33] [Server thread/INFO]: Mushroom Growth Modifier: 100%
[18:31:33] [Server thread/INFO]: Pumpkin Growth Modifier: 100%
[18:31:33] [Server thread/INFO]: Sapling Growth Modifier: 100%
[18:31:33] [Server thread/INFO]: Wheat Growth Modifier: 100%
[18:31:33] [Server thread/INFO]: NetherWart Growth Modifier: 100%
[18:31:33] [Server thread/INFO]: Hopper Transfer: 8 Hopper Check: 8 Hopper Amount: 1
[18:31:33] [Server thread/INFO]: Custom Map Seeds:  Village: 10387312 Feature: 14357617
[18:31:33] [Server thread/INFO]: Structure Info Saving: true
[18:31:33] [Server thread/INFO]: Random Lighting Updates: false
[18:31:33] [Server thread/INFO]: Max Entity Collisions: 8
[18:31:33] [Server thread/INFO]: Sending up to 10 chunks per packet
[18:31:33] [Server thread/INFO]: Max TNT Explosions: 100
[18:31:33] [Server thread/INFO]: Tile Max Tick Time: 50ms Entity max Tick Time: 50ms
[18:31:33] [Server thread/INFO]: View Distance: 10
[18:31:33] [Server thread/INFO]: Zombie Aggressive Towards Villager: true
[18:31:33] [Server thread/INFO]: -------- World Settings For [world_the_end] --------
[18:31:33] [Server thread/INFO]: Arrow Despawn Rate: 1200
[18:31:33] [Server thread/INFO]: Allow Zombie Pigmen to spawn from portal blocks: true
[18:31:33] [Server thread/INFO]: Chunks to Grow per Tick: 650
[18:31:33] [Server thread/INFO]: Clear tick list: false
[18:31:33] [Server thread/INFO]: Experience Merge Radius: 3.0
[18:31:33] [Server thread/INFO]: Item Despawn Rate: 6000
[18:31:33] [Server thread/INFO]: Item Merge Radius: 2.5
[18:31:33] [Server thread/INFO]: Mob Spawn Range: 4
[18:31:33] [Server thread/INFO]: Anti X-Ray: true
[18:31:33] [Server thread/INFO]: 	Engine Mode: 1
[18:31:33] [Server thread/INFO]: 	Hidden Blocks: [14, 15, 16, 21, 48, 49, 54, 56, 73, 74, 82, 129, 130]
[18:31:33] [Server thread/INFO]: 	Replace Blocks: [1, 5]
[18:31:33] [Server thread/INFO]: Nerfing mobs spawned from spawners: false
[18:31:33] [Server thread/INFO]: Entity Activation Range: An 32 / Mo 32 / Mi 16
[18:31:33] [Server thread/INFO]: Entity Tracking Range: Pl 48 / An 48 / Mo 48 / Mi 32 / Other 64
[18:31:33] [Server thread/INFO]: Cactus Growth Modifier: 100%
[18:31:33] [Server thread/INFO]: Cane Growth Modifier: 100%
[18:31:33] [Server thread/INFO]: Melon Growth Modifier: 100%
[18:31:33] [Server thread/INFO]: Mushroom Growth Modifier: 100%
[18:31:33] [Server thread/INFO]: Pumpkin Growth Modifier: 100%
[18:31:33] [Server thread/INFO]: Sapling Growth Modifier: 100%
[18:31:33] [Server thread/INFO]: Wheat Growth Modifier: 100%
[18:31:33] [Server thread/INFO]: NetherWart Growth Modifier: 100%
[18:31:33] [Server thread/INFO]: Hopper Transfer: 8 Hopper Check: 8 Hopper Amount: 1
[18:31:33] [Server thread/INFO]: Custom Map Seeds:  Village: 10387312 Feature: 14357617
[18:31:33] [Server thread/INFO]: Structure Info Saving: true
[18:31:33] [Server thread/INFO]: Random Lighting Updates: false
[18:31:33] [Server thread/INFO]: Max Entity Collisions: 8
[18:31:33] [Server thread/INFO]: Sending up to 10 chunks per packet
[18:31:33] [Server thread/INFO]: Max TNT Explosions: 100
[18:31:33] [Server thread/INFO]: Tile Max Tick Time: 50ms Entity max Tick Time: 50ms
[18:31:33] [Server thread/INFO]: View Distance: 10
[18:31:33] [Server thread/INFO]: Zombie Aggressive Towards Villager: true
[18:31:33] [Server thread/INFO]: Preparing start region for level 0 (Seed: 8914586693425761836)
[18:31:34] [Server thread/INFO]: Preparing spawn area: 28%
[18:31:35] [Server thread/INFO]: Preparing spawn area: 81%
[18:31:35] [Server thread/INFO]: Preparing start region for level 1 (Seed: 8914586693425761836)
[18:31:36] [Server thread/INFO]: Preparing spawn area: 18%
[18:31:37] [Server thread/INFO]: Preparing spawn area: 61%
[18:31:38] [Server thread/INFO]: Preparing start region for level 2 (Seed: 8914586693425761836)
[18:31:38] [Server thread/INFO]: [TaupeGun] Enabling TaupeGun v2.9.3
[18:31:39] [Server thread/WARN]: java.io.IOException: Le chemin d’accès spécifié est introuvable

[18:31:39] [Server thread/WARN]: 	at java.base/java.io.WinNTFileSystem.createFileExclusively(Native Method)

[18:31:39] [Server thread/WARN]: 	at java.base/java.io.File.createNewFile(File.java:1043)

[18:31:39] [Server thread/WARN]: 	at fr.thedarven.utils.FileHelper.createFile(FileHelper.java:52)

[18:31:39] [Server thread/WARN]: 	at fr.thedarven.utils.FileHelper.readFile(FileHelper.java:23)

[18:31:39] [Server thread/WARN]: 	at fr.thedarven.scenarios.ScenariosManager.loadPlayersConfigurations(ScenariosManager.java:285)

[18:31:39] [Server thread/WARN]: 	at fr.thedarven.scenarios.ScenariosManager.<init>(ScenariosManager.java:112)

[18:31:39] [Server thread/WARN]: 	at fr.thedarven.TaupeGun.onEnable(TaupeGun.java:68)

[18:31:39] [Server thread/WARN]: 	at org.bukkit.plugin.java.JavaPlugin.setEnabled(JavaPlugin.java:321)

[18:31:39] [Server thread/WARN]: 	at org.bukkit.plugin.java.JavaPluginLoader.enablePlugin(JavaPluginLoader.java:340)

[18:31:39] [Server thread/WARN]: 	at org.bukkit.plugin.SimplePluginManager.enablePlugin(SimplePluginManager.java:405)

[18:31:39] [Server thread/WARN]: 	at org.bukkit.craftbukkit.v1_8_R3.CraftServer.loadPlugin(CraftServer.java:357)

[18:31:39] [Server thread/WARN]: 	at org.bukkit.craftbukkit.v1_8_R3.CraftServer.enablePlugins(CraftServer.java:317)

[18:31:39] [Server thread/WARN]: 	at net.minecraft.server.v1_8_R3.MinecraftServer.s(MinecraftServer.java:414)

[18:31:39] [Server thread/WARN]: 	at net.minecraft.server.v1_8_R3.MinecraftServer.k(MinecraftServer.java:378)

[18:31:39] [Server thread/WARN]: 	at net.minecraft.server.v1_8_R3.MinecraftServer.a(MinecraftServer.java:333)

[18:31:39] [Server thread/WARN]: 	at net.minecraft.server.v1_8_R3.DedicatedServer.init(DedicatedServer.java:263)

[18:31:39] [Server thread/WARN]: 	at net.minecraft.server.v1_8_R3.MinecraftServer.run(MinecraftServer.java:525)

[18:31:39] [Server thread/WARN]: 	at java.base/java.lang.Thread.run(Thread.java:833)

[18:31:39] [Server thread/WARN]: java.io.FileNotFoundException: plugins\TaupeGun\players_presets.ser (Le chemin d’accès spécifié est introuvable)

[18:31:39] [Server thread/WARN]: 	at java.base/java.io.FileInputStream.open0(Native Method)

[18:31:39] [Server thread/WARN]: 	at java.base/java.io.FileInputStream.open(FileInputStream.java:216)

[18:31:39] [Server thread/WARN]: 	at java.base/java.io.FileInputStream.<init>(FileInputStream.java:157)

[18:31:39] [Server thread/WARN]: 	at java.base/java.io.FileInputStream.<init>(FileInputStream.java:111)

[18:31:39] [Server thread/WARN]: 	at fr.thedarven.utils.FileHelper.readFile(FileHelper.java:28)

[18:31:39] [Server thread/WARN]: 	at fr.thedarven.scenarios.ScenariosManager.loadPlayersConfigurations(ScenariosManager.java:285)

[18:31:39] [Server thread/WARN]: 	at fr.thedarven.scenarios.ScenariosManager.<init>(ScenariosManager.java:112)

[18:31:39] [Server thread/WARN]: 	at fr.thedarven.TaupeGun.onEnable(TaupeGun.java:68)

[18:31:39] [Server thread/WARN]: 	at org.bukkit.plugin.java.JavaPlugin.setEnabled(JavaPlugin.java:321)

[18:31:39] [Server thread/WARN]: 	at org.bukkit.plugin.java.JavaPluginLoader.enablePlugin(JavaPluginLoader.java:340)

[18:31:39] [Server thread/WARN]: 	at org.bukkit.plugin.SimplePluginManager.enablePlugin(SimplePluginManager.java:405)

[18:31:39] [Server thread/WARN]: 	at org.bukkit.craftbukkit.v1_8_R3.CraftServer.loadPlugin(CraftServer.java:357)

[18:31:39] [Server thread/WARN]: 	at org.bukkit.craftbukkit.v1_8_R3.CraftServer.enablePlugins(CraftServer.java:317)

[18:31:39] [Server thread/WARN]: 	at net.minecraft.server.v1_8_R3.MinecraftServer.s(MinecraftServer.java:414)

[18:31:39] [Server thread/WARN]: 	at net.minecraft.server.v1_8_R3.MinecraftServer.k(MinecraftServer.java:378)

[18:31:39] [Server thread/WARN]: 	at net.minecraft.server.v1_8_R3.MinecraftServer.a(MinecraftServer.java:333)

[18:31:39] [Server thread/WARN]: 	at net.minecraft.server.v1_8_R3.DedicatedServer.init(DedicatedServer.java:263)

[18:31:39] [Server thread/WARN]: 	at net.minecraft.server.v1_8_R3.MinecraftServer.run(MinecraftServer.java:525)

[18:31:39] [Server thread/WARN]: 	at java.base/java.lang.Thread.run(Thread.java:833)

[18:31:40] [Server thread/INFO]: [TaupeGun-WARN] La connexion a la base de donnee a echoue !

[18:31:40] [Server thread/INFO]: [SuperVanish] Enabling SuperVanish v6.2.15
[18:31:40] [Server thread/INFO]: Server permissions file permissions.yml is empty, ignoring it
[18:31:40] [Server thread/INFO]: Done (8,113s)! For help, type "help" or "?"
