[20:28:28] [Server thread/INFO]: Starting minecraft server version 1.8.8
[20:28:28] [Server thread/INFO]: Loading properties
[20:28:28] [Server console handler/ERROR]: Exception handling console input
java.io.IOException: Descripteur non valide
	at java.io.FileInputStream.readBytes(Native Method) ~[?:?]
	at java.io.FileInputStream.read(FileInputStream.java:276) ~[?:?]
	at java.io.BufferedInputStream.fill(BufferedInputStream.java:244) ~[?:?]
	at java.io.BufferedInputStream.read(BufferedInputStream.java:263) ~[?:?]
	at org.bukkit.craftbukkit.libs.jline.internal.NonBlockingInputStream.read(NonBlockingInputStream.java:248) ~[spigot.jar:git-Spigot-21fe707-741a1bd]
	at org.bukkit.craftbukkit.libs.jline.internal.InputStreamReader.read(InputStreamReader.java:261) ~[spigot.jar:git-Spigot-21fe707-741a1bd]
	at org.bukkit.craftbukkit.libs.jline.internal.InputStreamReader.read(InputStreamReader.java:198) ~[spigot.jar:git-Spigot-21fe707-741a1bd]
	at org.bukkit.craftbukkit.libs.jline.console.ConsoleReader.readCharacter(ConsoleReader.java:2145) ~[spigot.jar:git-Spigot-21fe707-741a1bd]
	at org.bukkit.craftbukkit.libs.jline.console.ConsoleReader.readLineSimple(ConsoleReader.java:3183) ~[spigot.jar:git-Spigot-21fe707-741a1bd]
	at org.bukkit.craftbukkit.libs.jline.console.ConsoleReader.readLine(ConsoleReader.java:2333) ~[spigot.jar:git-Spigot-21fe707-741a1bd]
	at org.bukkit.craftbukkit.libs.jline.console.ConsoleReader.readLine(ConsoleReader.java:2269) ~[spigot.jar:git-Spigot-21fe707-741a1bd]
	at org.bukkit.craftbukkit.libs.jline.console.ConsoleReader.readLine(ConsoleReader.java:2257) ~[spigot.jar:git-Spigot-21fe707-741a1bd]
	at net.minecraft.server.v1_8_R3.DedicatedServer$2.run(DedicatedServer.java:81) [spigot.jar:git-Spigot-21fe707-741a1bd]
[20:28:28] [Server thread/INFO]: Default game type: SURVIVAL
[20:28:28] [Server thread/INFO]: This server is running CraftBukkit version git-Spigot-21fe707-741a1bd (MC: 1.8.8) (Implementing API version 1.8.8-R0.1-SNAPSHOT)
[20:28:29] [Server thread/INFO]: Debug logging is disabled
[20:28:29] [Server thread/INFO]: Server Ping Player Sample Count: 12

[20:28:29] [Server thread/INFO]: Using 4 threads for Netty based IO
[20:28:29] [Server thread/INFO]: Generating keypair
[20:28:29] [Server thread/INFO]: Starting Minecraft server on *:25565
[20:28:29] [Server thread/INFO]: Using default channel type
[20:28:29] [Server thread/INFO]: Your platform does not provide complete low-level API for accessing direct buffers reliably. Unless explicitly requested, heap buffer will always be preferred to avoid potential system unstability.
[20:28:29] [Server thread/INFO]: **** Beginning UUID conversion, this may take A LONG time ****
[20:28:29] [Server thread/INFO]: Preparing level "world"
[20:28:29] [Server thread/INFO]: -------- World Settings For [world] --------
[20:28:29] [Server thread/INFO]: Item Merge Radius: 2.5
[20:28:29] [Server thread/INFO]: Item Despawn Rate: 6000
[20:28:29] [Server thread/INFO]: Mob Spawn Range: 4
[20:28:29] [Server thread/INFO]: Cactus Growth Modifier: 100%
[20:28:29] [Server thread/INFO]: Cane Growth Modifier: 100%
[20:28:29] [Server thread/INFO]: Melon Growth Modifier: 100%
[20:28:29] [Server thread/INFO]: Mushroom Growth Modifier: 100%
[20:28:29] [Server thread/INFO]: Pumpkin Growth Modifier: 100%
[20:28:29] [Server thread/INFO]: Sapling Growth Modifier: 100%
[20:28:29] [Server thread/INFO]: Wheat Growth Modifier: 100%
[20:28:29] [Server thread/INFO]: NetherWart Growth Modifier: 100%
[20:28:29] [Server thread/INFO]: Anti X-Ray: true
[20:28:29] [Server thread/INFO]: 	Engine Mode: 1
[20:28:29] [Server thread/INFO]: 	Hidden Blocks: [14, 15, 16, 21, 48, 49, 54, 56, 73, 74, 82, 129, 130]
[20:28:29] [Server thread/INFO]: 	Replace Blocks: [1, 5]
[20:28:29] [Server thread/INFO]: Nerfing mobs spawned from spawners: false
[20:28:29] [Server thread/INFO]: Hopper Transfer: 8 Hopper Check: 8 Hopper Amount: 1
[20:28:29] [Server thread/INFO]: Structure Info Saving: true
[20:28:29] [Server thread/INFO]: Entity Activation Range: An 32 / Mo 32 / Mi 16
[20:28:29] [Server thread/INFO]: Entity Tracking Range: Pl 48 / An 48 / Mo 48 / Mi 32 / Other 64
[20:28:29] [Server thread/INFO]: Random Lighting Updates: false
[20:28:29] [Server thread/INFO]: Max Entity Collisions: 8
[20:28:29] [Server thread/INFO]: Sending up to 10 chunks per packet
[20:28:29] [Server thread/INFO]: Tile Max Tick Time: 50ms Entity max Tick Time: 50ms
[20:28:29] [Server thread/INFO]: Custom Map Seeds:  Village: 10387312 Feature: 14357617
[20:28:29] [Server thread/INFO]: Max TNT Explosions: 100
[20:28:29] [Server thread/INFO]: Arrow Despawn Rate: 1200
[20:28:29] [Server thread/INFO]: Zombie Aggressive Towards Villager: true
[20:28:29] [Server thread/INFO]: Allow Zombie Pigmen to spawn from portal blocks: true
[20:28:29] [Server thread/INFO]: View Distance: 10
[20:28:29] [Server thread/INFO]: Chunks to Grow per Tick: 650
[20:28:29] [Server thread/INFO]: Clear tick list: false
[20:28:29] [Server thread/INFO]: Experience Merge Radius: 3.0
[20:28:29] [Server thread/INFO]: -------- World Settings For [world_nether] --------
[20:28:29] [Server thread/INFO]: Item Merge Radius: 2.5
[20:28:29] [Server thread/INFO]: Item Despawn Rate: 6000
[20:28:29] [Server thread/INFO]: Mob Spawn Range: 4
[20:28:29] [Server thread/INFO]: Cactus Growth Modifier: 100%
[20:28:29] [Server thread/INFO]: Cane Growth Modifier: 100%
[20:28:29] [Server thread/INFO]: Melon Growth Modifier: 100%
[20:28:29] [Server thread/INFO]: Mushroom Growth Modifier: 100%
[20:28:29] [Server thread/INFO]: Pumpkin Growth Modifier: 100%
[20:28:29] [Server thread/INFO]: Sapling Growth Modifier: 100%
[20:28:29] [Server thread/INFO]: Wheat Growth Modifier: 100%
[20:28:29] [Server thread/INFO]: NetherWart Growth Modifier: 100%
[20:28:29] [Server thread/INFO]: Anti X-Ray: true
[20:28:29] [Server thread/INFO]: 	Engine Mode: 1
[20:28:29] [Server thread/INFO]: 	Hidden Blocks: [14, 15, 16, 21, 48, 49, 54, 56, 73, 74, 82, 129, 130]
[20:28:29] [Server thread/INFO]: 	Replace Blocks: [1, 5]
[20:28:29] [Server thread/INFO]: Nerfing mobs spawned from spawners: false
[20:28:29] [Server thread/INFO]: Hopper Transfer: 8 Hopper Check: 8 Hopper Amount: 1
[20:28:29] [Server thread/INFO]: Structure Info Saving: true
[20:28:29] [Server thread/INFO]: Entity Activation Range: An 32 / Mo 32 / Mi 16
[20:28:29] [Server thread/INFO]: Entity Tracking Range: Pl 48 / An 48 / Mo 48 / Mi 32 / Other 64
[20:28:29] [Server thread/INFO]: Random Lighting Updates: false
[20:28:29] [Server thread/INFO]: Max Entity Collisions: 8
[20:28:29] [Server thread/INFO]: Sending up to 10 chunks per packet
[20:28:29] [Server thread/INFO]: Tile Max Tick Time: 50ms Entity max Tick Time: 50ms
[20:28:29] [Server thread/INFO]: Custom Map Seeds:  Village: 10387312 Feature: 14357617
[20:28:29] [Server thread/INFO]: Max TNT Explosions: 100
[20:28:29] [Server thread/INFO]: Arrow Despawn Rate: 1200
[20:28:29] [Server thread/INFO]: Zombie Aggressive Towards Villager: true
[20:28:29] [Server thread/INFO]: Allow Zombie Pigmen to spawn from portal blocks: true
[20:28:29] [Server thread/INFO]: View Distance: 10
[20:28:29] [Server thread/INFO]: Chunks to Grow per Tick: 650
[20:28:29] [Server thread/INFO]: Clear tick list: false
[20:28:29] [Server thread/INFO]: Experience Merge Radius: 3.0
[20:28:30] [Server thread/INFO]: -------- World Settings For [world_the_end] --------
[20:28:30] [Server thread/INFO]: Item Merge Radius: 2.5
[20:28:30] [Server thread/INFO]: Item Despawn Rate: 6000
[20:28:30] [Server thread/INFO]: Mob Spawn Range: 4
[20:28:30] [Server thread/INFO]: Cactus Growth Modifier: 100%
[20:28:30] [Server thread/INFO]: Cane Growth Modifier: 100%
[20:28:30] [Server thread/INFO]: Melon Growth Modifier: 100%
[20:28:30] [Server thread/INFO]: Mushroom Growth Modifier: 100%
[20:28:30] [Server thread/INFO]: Pumpkin Growth Modifier: 100%
[20:28:30] [Server thread/INFO]: Sapling Growth Modifier: 100%
[20:28:30] [Server thread/INFO]: Wheat Growth Modifier: 100%
[20:28:30] [Server thread/INFO]: NetherWart Growth Modifier: 100%
[20:28:30] [Server thread/INFO]: Anti X-Ray: true
[20:28:30] [Server thread/INFO]: 	Engine Mode: 1
[20:28:30] [Server thread/INFO]: 	Hidden Blocks: [14, 15, 16, 21, 48, 49, 54, 56, 73, 74, 82, 129, 130]
[20:28:30] [Server thread/INFO]: 	Replace Blocks: [1, 5]
[20:28:30] [Server thread/INFO]: Nerfing mobs spawned from spawners: false
[20:28:30] [Server thread/INFO]: Hopper Transfer: 8 Hopper Check: 8 Hopper Amount: 1
[20:28:30] [Server thread/INFO]: Structure Info Saving: true
[20:28:30] [Server thread/INFO]: Entity Activation Range: An 32 / Mo 32 / Mi 16
[20:28:30] [Server thread/INFO]: Entity Tracking Range: Pl 48 / An 48 / Mo 48 / Mi 32 / Other 64
[20:28:30] [Server thread/INFO]: Random Lighting Updates: false
[20:28:30] [Server thread/INFO]: Max Entity Collisions: 8
[20:28:30] [Server thread/INFO]: Sending up to 10 chunks per packet
[20:28:30] [Server thread/INFO]: Tile Max Tick Time: 50ms Entity max Tick Time: 50ms
[20:28:30] [Server thread/INFO]: Custom Map Seeds:  Village: 10387312 Feature: 14357617
[20:28:30] [Server thread/INFO]: Max TNT Explosions: 100
[20:28:30] [Server thread/INFO]: Arrow Despawn Rate: 1200
[20:28:30] [Server thread/INFO]: Zombie Aggressive Towards Villager: true
[20:28:30] [Server thread/INFO]: Allow Zombie Pigmen to spawn from portal blocks: true
[20:28:30] [Server thread/INFO]: View Distance: 10
[20:28:30] [Server thread/INFO]: Chunks to Grow per Tick: 650
[20:28:30] [Server thread/INFO]: Clear tick list: false
[20:28:30] [Server thread/INFO]: Experience Merge Radius: 3.0
[20:28:30] [Server thread/INFO]: Preparing start region for level 0 (Seed: 8914586693425761836)
[20:28:31] [Server thread/INFO]: Preparing spawn area: 5%
[20:28:32] [Server thread/INFO]: Preparing spawn area: 9%
[20:28:33] [Server thread/INFO]: Preparing spawn area: 13%
[20:28:34] [Server thread/INFO]: Preparing spawn area: 19%
[20:28:35] [Server thread/INFO]: Preparing spawn area: 25%
[20:28:36] [Server thread/INFO]: Preparing spawn area: 30%
[20:28:37] [Server thread/INFO]: Preparing spawn area: 50%
[20:28:38] [Server thread/INFO]: Preparing spawn area: 61%
[20:28:39] [Server thread/INFO]: Preparing spawn area: 77%
[20:28:40] [Server thread/INFO]: Preparing spawn area: 93%
[20:28:40] [Server thread/INFO]: Preparing start region for level 1 (Seed: 8914586693425761836)
[20:28:41] [Server thread/INFO]: Preparing spawn area: 59%
[20:28:42] [Server thread/INFO]: Preparing start region for level 2 (Seed: 8914586693425761836)
[20:28:42] [Server thread/INFO]: Server permissions file permissions.yml is empty, ignoring it
[20:28:42] [Server thread/INFO]: Done (12,884s)! For help, type "help" or "?"
